android/app/build/outputs/mapping/release/seeds.txt
com.google.android.gms.internal.ads.zzanh: com.google.android.gms.internal.ads.zzanh zzb
com.google.android.gms.internal.ads.zzfju: int zzd
com.google.android.gms.ads.internal.overlay.AdOverlayInfoParcel: android.os.Parcelable$Creator CREATOR
com.google.android.gms.internal.ads.zzazl: java.lang.String zzj
com.google.android.gms.internal.ads.zzbai: int zze
com.google.android.gms.internal.ads.zzffw: int zzp
com.google.android.gms.internal.ads.zzatn: int zzd
com.google.android.gms.internal.ads.zzaog: long zze
com.google.android.gms.ads.internal.client.zzfh: android.os.Parcelable$Creator CREATOR
com.google.android.gms.internal.ads.zzaol: long zzw
com.google.android.gms.internal.ads.zzayd: com.google.android.gms.internal.ads.zzazv zzg
com.google.android.gms.internal.ads.zzatk: com.google.android.gms.internal.ads.zzgno zzf
com.google.android.gms.internal.ads.zzane: int zzq
com.google.android.gms.internal.ads.zzbst: android.os.Parcelable$Creator CREATOR
com.google.android.gms.common.internal.RootTelemetryConfiguration: android.os.Parcelable$Creator CREATOR
com.google.android.gms.internal.ads.zzfkm: android.os.Parcelable$Creator CREATOR
com.google.android.gms.internal.ads.zzgst: com.google.android.gms.internal.ads.zzgpf zzs
com.google.android.gms.internal.ads.zzgud: com.google.android.gms.internal.ads.zzgud zzb
com.google.android.gms.internal.ads.zzayn: int zze
com.google.android.gms.internal.ads.zzguu: int zzg
com.google.android.gms.cloudmessaging.zzd: android.os.Parcelable$Creator CREATOR
com.google.android.gms.internal.ads.zzaoe: long zzf
com.google.android.gms.internal.ads.zzbai: com.google.android.gms.internal.ads.zzbai zzb
com.google.android.gms.signin.internal.zai: android.os.Parcelable$Creator CREATOR
com.google.android.gms.internal.ads.zzadh: android.os.Parcelable$Creator CREATOR
com.google.android.gms.internal.ads.zzguk: com.google.android.gms.internal.ads.zzgst zzD
com.google.android.gms.internal.ads.zzffw: long zzg
com.google.android.gms.internal.ads.zzghx: com.google.android.gms.internal.ads.zzghx zzb
com.google.android.gms.internal.ads.zzgst: boolean zzm
com.google.android.gms.common.internal.MethodInvocation: android.os.Parcelable$Creator CREATOR
com.google.android.gms.internal.ads.zzguk: com.google.android.gms.internal.ads.zzgpf zzy
com.google.android.gms.internal.ads.zzaxx: int zzd
com.google.android.gms.internal.ads.zzgkh: int zzd
com.google.android.gms.internal.ads.zzayt: com.google.android.gms.internal.ads.zzazv zzh
org.apache.cordova.engine.SystemWebViewEngine: java.lang.String TAG
com.google.android.gms.internal.ads.zzbae: int zzd
com.google.android.gms.internal.ads.zzaol: int zze
com.google.android.gms.internal.ads.zzanm: java.lang.String zzi
com.google.android.gms.internal.ads.zzazv: int zzf
com.google.android.gms.internal.ads.zzguk: com.google.android.gms.internal.ads.zzgtx zzn
com.google.android.gms.internal.ads.zzffw: long zzO
org.apache.cordova.CoreAndroid: java.lang.String PLUGIN_NAME
com.google.android.gms.internal.ads.zzaon: int zzf
com.google.android.gms.internal.ads.zzguu: boolean zzq
com.google.android.gms.ads.internal.client.zzen: android.os.Parcelable$Creator CREATOR
com.google.android.gms.internal.ads.zzaoi: long zzt
com.google.android.gms.internal.ads.zzane: long zzk
com.google.android.gms.internal.ads.zzazg: long zzf
com.google.android.gms.internal.ads.zzaoi: com.google.android.gms.internal.ads.zzaoi zzb
com.google.android.gms.ads.internal.client.zzfl: android.os.Parcelable$Creator CREATOR
com.google.android.gms.ads.internal.client.zzw: android.os.Parcelable$Creator CREATOR
com.google.android.gms.internal.ads.zzazv: com.google.android.gms.internal.ads.zzazv zzb
com.google.android.gms.internal.ads.zzatn: long zzh
com.google.android.gms.internal.ads.zzguk: com.google.android.gms.internal.ads.zzgpf zzl
com.google.android.gms.internal.ads.zzgto: com.google.android.gms.internal.ads.zzgno zzf
com.google.android.gms.internal.ads.zzazl: com.google.android.gms.internal.ads.zzgpf zze