android/app/build/outputs/mapping/release/usage.txt
next.isbest.R$string
next.isbest.R$xml
next.isbest.R
...
com.google.android.gms.internal.measurement.zzjb
com.google.android.gms.internal.measurement.zzjc
com.google.android.gms.internal.measurement.zzjd
com.google.android.gms.internal.measurement.zzje
com.google.android.gms.internal.measurement.zzjf
com.google.android.gms.internal.measurement.zzjg
com.google.android.gms.internal.measurement.zzjh
com.google.android.gms.internal.measurement.zzji
com.google.android.gms.internal.measurement.zzjj
com.google.android.gms.internal.measurement.zzjk
com.google.android.gms.internal.measurement.zzjl
com.google.android.gms.internal.measurement.zzjm
com.google.android.gms.internal.measurement.zzjn
com.google.android.gms.internal.measurement.zzjo
com.google.android.gms.internal.measurement.zzjp
com.google.android.gms.internal.measurement.zzjq
com.google.android.gms.internal.measurement.zzjr
com.google.android.gms.internal.measurement.zzjs
com.google.android.gms.internal.measurement.zzjt
com.google.android.gms.internal.measurement.zzju
com.google.android.gms.internal.measurement.zzjv
com.google.android.gms.internal.measurement.zzjw
com.google.android.gms.internal.measurement.zzjx
com.google.android.gms.internal.measurement.zzjy
com.google.android.gms.internal.measurement.zzjz
com.google.android.gms.internal.measurement.zzka
com.google.android.gms.internal.measurement.zzkb
com.google.android.gms.internal.measurement.zzkc
com.google.android.gms.internal.measurement.zzkd
com.google.android.gms.internal.measurement.zzke
com.google.android.gms.internal.measurement.zzkf
com.google.android.gms.internal.measurement.zzkg
com.google.android.gms.internal.measurement.zzkh
com.google.android.gms.internal.measurement.zzki
com.google.android.gms.internal.measurement.zzkj
com.google.android.gms.internal.measurement.zzkk
com.google.android.gms.internal.measurement.zzkl
com.google.android.gms.internal.measurement.zzkm
com.google.android.gms.internal.measurement.zzkn
com.google.android.gms.internal.measurement.zzko
com.google.android.gms.internal.measurement.zzkp
com.google.android.gms.internal.measurement.zzkq
com.google.android.gms.internal.measurement.zzkr
com.google.android.gms.internal.measurement.zzks
com.google.android.gms.internal.measurement.zzkt
com.google.android.gms.internal.measurement.zzku
com.google.android.gms.internal.measurement.zzkv
com.google.android.gms.internal.measurement.zzkw
com.google.android.gms.internal.measurement.zzkx
com.google.android.gms.internal.measurement.zzky
com.google.android.gms.internal.measurement.zzkz
com.google.android.gms.internal.measurement.zzla
com.google.android.gms.internal.measurement.zzlb
com.google.android.gms.internal.measurement.zzlc
com.google.android.gms.internal.measurement.zzld
com.google.android.gms.internal.measurement.zzle
com.google.android.gms.internal.measurement.zzlf
com.google.android.gms.internal.measurement.zzlg
com.google.android.gms.internal.measurement.zzlh
com.google.android.gms.internal.measurement.zzli
com.google.android.gms.internal.measurement.zzlj
com.google.android.gms.internal.measurement.zzlk
com.google.android.gms.internal.measurement.zzll
com.google.android.gms.internal.measurement.zzlm
com.google.android.gms.internal.measurement.zzln
com.google.android.gms.internal.measurement.zzlo
com.google.android.gms.internal.measurement.zzlp
com.google.android.gms.internal.measurement.zzlq
com.google.android.gms.internal.measurement.zzlr
com.google.android.gms.internal.measurement.zzls
com.google.android.gms.internal.measurement.zzlt
com.google.android.gms.internal.measurement.zzlu
com.google.android.gms.internal.measurement.zzlv
com.google.android.gms.internal.measurement.zzlw
com.google.android.gms.internal.measurement.zzlx
com.google.android.gms.internal.measurement.zzly
com.google.android.gms.internal.measurement.zzlz
com.google.android.gms.internal.measurement.zzma
com.google.android.gms.internal.measurement.zzmb
com.google.android.gms.internal.measurement.zzmc
com.google.android.gms.internal.measurement.zzmd